<?xml version="1.0" encoding="UTF-8" ?>
<testsuite tests="7" failures="0" name="TestSuite" time="239.489" errors="0" skipped="0">
  <properties>
    <property name="java.vendor" value="Oracle Corporation"/>
    <property name="JOB_NAME" value="7thJan"/>
    <property name="RUN_TESTS_DISPLAY_URL" value="http://localhost:8080/job/7thJan/1/display/redirect?page=tests"/>
    <property name="sun.java.launcher" value="SUN_STANDARD"/>
    <property name="NUMBER_OF_PROCESSORS" value="4"/>
    <property name="sun.management.compiler" value="HotSpot Client Compiler"/>
    <property name="JENKINS_HOME" value="C:\Users\ADMIN\.jenkins"/>
    <property name="HUDSON_SERVER_COOKIE" value="6f907d44ab7c5e1b"/>
    <property name="os.name" value="Windows 7"/>
    <property name="sun.boot.class.path" value="C:\Program Files (x86)\Java\jdk1.8.0_151\jre\lib\resources.jar;C:\Program Files (x86)\Java\jdk1.8.0_151\jre\lib\rt.jar;C:\Program Files (x86)\Java\jdk1.8.0_151\jre\lib\sunrsasign.jar;C:\Program Files (x86)\Java\jdk1.8.0_151\jre\lib\jsse.jar;C:\Program Files (x86)\Java\jdk1.8.0_151\jre\lib\jce.jar;C:\Program Files (x86)\Java\jdk1.8.0_151\jre\lib\charsets.jar;C:\Program Files (x86)\Java\jdk1.8.0_151\jre\lib\jfr.jar;C:\Program Files (x86)\Java\jdk1.8.0_151\jre\classes"/>
    <property name="EXECUTOR_NUMBER" value="1"/>
    <property name="sun.desktop" value="windows"/>
    <property name="PATHEXT" value=".COM;.EXE;.BAT;.CMD;.VBS;.VBE;.JS;.JSE;.WSF;.WSH;.MSC"/>
    <property name="java.vm.specification.vendor" value="Oracle Corporation"/>
    <property name="NODE_LABELS" value="master"/>
    <property name="TEMP" value="C:\Users\ADMIN\AppData\Local\Temp"/>
    <property name="java.runtime.version" value="1.8.0_151-b12"/>
    <property name="user.name" value="ADMIN"/>
    <property name="guice.disable.misplaced.annotation.check" value="true"/>
    <property name="CommonProgramW6432" value="C:\Program Files\Common Files"/>
    <property name="ProgramFiles" value="C:\Program Files (x86)"/>
    <property name="PROMPT" value="$P$G"/>
    <property name="user.language" value="en"/>
    <property name="JOB_BASE_NAME" value="7thJan"/>
    <property name="RUN_CHANGES_DISPLAY_URL" value="http://localhost:8080/job/7thJan/1/display/redirect?page=changes"/>
    <property name="BUILD_DISPLAY_NAME" value="#1"/>
    <property name="sun.boot.library.path" value="C:\Program Files (x86)\Java\jdk1.8.0_151\jre\bin"/>
    <property name="LOCALAPPDATA" value="C:\Users\ADMIN\AppData\Local"/>
    <property name="java.version" value="1.8.0_151"/>
    <property name="PROCESSOR_LEVEL" value="6"/>
    <property name="user.timezone" value="Asia/Calcutta"/>
    <property name="USERNAME" value="ADMIN"/>
    <property name="sun.arch.data.model" value="32"/>
    <property name="NODE_NAME" value="master"/>
    <property name="PROCESSOR_ARCHITEW6432" value="AMD64"/>
    <property name="java.endorsed.dirs" value="C:\Program Files (x86)\Java\jdk1.8.0_151\jre\lib\endorsed"/>
    <property name="BUILD_ID" value="1"/>
    <property name="sun.cpu.isalist" value="pentium_pro+mmx pentium_pro pentium+mmx pentium i486 i386 i86"/>
    <property name="sun.jnu.encoding" value="Cp1252"/>
    <property name="file.encoding.pkg" value="sun.io"/>
    <property name="file.separator" value="\"/>
    <property name="java.specification.name" value="Java Platform API Specification"/>
    <property name="HOMEDRIVE" value="C:"/>
    <property name="maven.conf" value="C:\apache-maven-3.6.3\conf"/>
    <property name="java.class.version" value="52.0"/>
    <property name="=::" value="::\"/>
    <property name="org.slf4j.simpleLogger.defaultLogLevel" value="info"/>
    <property name="user.country" value="US"/>
    <property name="ALLUSERSPROFILE" value="C:\ProgramData"/>
    <property name="java.home" value="C:\Program Files (x86)\Java\jdk1.8.0_151\jre"/>
    <property name="java.vm.info" value="mixed mode, sharing"/>
    <property name="os.version" value="6.1"/>
    <property name="RUN_DISPLAY_URL" value="http://localhost:8080/job/7thJan/1/display/redirect"/>
    <property name="TMP" value="C:\Users\ADMIN\AppData\Local\Temp"/>
    <property name="RUN_ARTIFACTS_DISPLAY_URL" value="http://localhost:8080/job/7thJan/1/display/redirect?page=artifacts"/>
    <property name="path.separator" value=";"/>
    <property name="java.vm.version" value="25.151-b12"/>
    <property name="user.variant" value=""/>
    <property name="JOB_DISPLAY_URL" value="http://localhost:8080/job/7thJan/display/redirect"/>
    <property name="CommonProgramFiles(x86)" value="C:\Program Files (x86)\Common Files"/>
    <property name="java.awt.printerjob" value="sun.awt.windows.WPrinterJob"/>
    <property name="FP_NO_HOST_CHECK" value="NO"/>
    <property name="JAVA_HOME" value="C:/Program Files (x86)/Java/jdk1.8.0_151/"/>
    <property name="sun.io.unicode.encoding" value="UnicodeLittle"/>
    <property name="CommonProgramFiles" value="C:\Program Files (x86)\Common Files"/>
    <property name="ComSpec" value="C:\Windows\system32\cmd.exe"/>
    <property name="HOMEPATH" value="\Users\ADMIN"/>
    <property name="awt.toolkit" value="sun.awt.windows.WToolkit"/>
    <property name="COMPUTERNAME" value="ADMIN-PC"/>
    <property name="user.script" value=""/>
    <property name="user.home" value="C:\Users\ADMIN"/>
    <property name="PUBLIC" value="C:\Users\Public"/>
    <property name="BUILD_TAG" value="jenkins-7thJan-1"/>
    <property name="JENKINS_SERVER_COOKIE" value="6f907d44ab7c5e1b"/>
    <property name="HUDSON_URL" value="http://localhost:8080/"/>
    <property name="ProgramData" value="C:\ProgramData"/>
    <property name="java.specification.vendor" value="Oracle Corporation"/>
    <property name="USERPROFILE" value="C:\Users\ADMIN"/>
    <property name="CLASSPATH" value=""/>
    <property name="java.vendor.url" value="http://java.oracle.com/"/>
    <property name="java.library.path" value="C:\Program Files (x86)\Java\jdk1.8.0_151\bin;C:\Windows\Sun\Java\bin;C:\Windows\system32;C:\Windows;C:/apache-maven-3.6.3/bin;C:/Program Files (x86)/Java/jdk1.8.0_151//bin;C:/Program Files (x86)/Java/jdk1.8.0_151//bin;C:\ProgramData\Oracle\Java\javapath;C:\Windows\system32;C:\Windows;C:\Windows\System32\Wbem;C:\Windows\System32\WindowsPowerShell\v1.0\;C:\Program Files\Git\cmd;."/>
    <property name="java.vm.vendor" value="Oracle Corporation"/>
    <property name="APPDATA" value="C:\Users\ADMIN\AppData\Roaming"/>
    <property name="java.runtime.name" value="Java(TM) SE Runtime Environment"/>
    <property name="maven.home" value="C:\apache-maven-3.6.3"/>
    <property name="java.class.path" value="C:\Users\ADMIN\.jenkins\plugins\maven-plugin\WEB-INF\lib\maven35-agent-1.13.jar;C:\apache-maven-3.6.3\boot\plexus-classworlds-2.6.0.jar;C:\apache-maven-3.6.3/conf/logging"/>
    <property name="sun.java.command" value="jenkins.maven3.agent.Maven35Main C:/apache-maven-3.6.3 C:\Users\ADMIN\.jenkins\war\WEB-INF\lib\remoting-4.6.jar C:\Users\ADMIN\.jenkins\plugins\maven-plugin\WEB-INF\lib\maven35-interceptor-1.13.jar C:\Users\ADMIN\.jenkins\plugins\maven-plugin\WEB-INF\lib\maven3-interceptor-commons-1.13.jar 50231"/>
    <property name="Path" value="C:/Program Files (x86)/Java/jdk1.8.0_151//bin;C:\ProgramData\Oracle\Java\javapath;C:\Windows\system32;C:\Windows;C:\Windows\System32\Wbem;C:\Windows\System32\WindowsPowerShell\v1.0\;C:\Program Files\Git\cmd"/>
    <property name="java.vm.specification.name" value="Java Virtual Machine Specification"/>
    <property name="PROCESSOR_ARCHITECTURE" value="x86"/>
    <property name="PATH+JDK" value="C:/Program Files (x86)/Java/jdk1.8.0_151//bin"/>
    <property name="PROCESSOR_IDENTIFIER" value="Intel64 Family 6 Model 58 Stepping 9, GenuineIntel"/>
    <property name="SESSIONNAME" value="Console"/>
    <property name="java.vm.specification.version" value="1.8"/>
    <property name="sun.os.patch.level" value=""/>
    <property name="sun.cpu.endian" value="little"/>
    <property name="M2_HOME" value="C:/apache-maven-3.6.3"/>
    <property name="java.io.tmpdir" value="C:\Users\ADMIN\AppData\Local\Temp\"/>
    <property name="OS" value="Windows_NT"/>
    <property name="HUDSON_HOME" value="C:\Users\ADMIN\.jenkins"/>
    <property name="PATH+MAVEN" value="C:/apache-maven-3.6.3/bin"/>
    <property name="ProgramFiles(x86)" value="C:\Program Files (x86)"/>
    <property name="BUILD_URL" value="http://localhost:8080/job/7thJan/1/"/>
    <property name="java.vendor.url.bug" value="http://bugreport.sun.com/bugreport/"/>
    <property name="java.awt.graphicsenv" value="sun.awt.Win32GraphicsEnvironment"/>
    <property name="os.arch" value="x86"/>
    <property name="SystemRoot" value="C:\Windows"/>
    <property name="java.ext.dirs" value="C:\Program Files (x86)\Java\jdk1.8.0_151\jre\lib\ext;C:\Windows\Sun\Java\lib\ext"/>
    <property name="user.dir" value="C:\Users\ADMIN\workspace selenium\OfflineWebsite"/>
    <property name="JOB_URL" value="http://localhost:8080/job/7thJan/"/>
    <property name="LOGONSERVER" value="\\ADMIN-PC"/>
    <property name="USERDOMAIN" value="ADMIN-PC"/>
    <property name="line.separator" value="
"/>
    <property name="MAVEN_HOME" value="C:/apache-maven-3.6.3"/>
    <property name="java.vm.name" value="Java HotSpot(TM) Client VM"/>
    <property name="BUILD_NUMBER" value="1"/>
    <property name="JENKINS_URL" value="http://localhost:8080/"/>
    <property name="PROCESSOR_REVISION" value="3a09"/>
    <property name="ProgramW6432" value="C:\Program Files"/>
    <property name="windir" value="C:\Windows"/>
    <property name="=C:" value="C:\Program Files\Jenkins"/>
    <property name="file.encoding" value="Cp1252"/>
    <property name="SystemDrive" value="C:"/>
    <property name="maven3.interceptor" value="C:\Users\ADMIN\.jenkins\plugins\maven-plugin\WEB-INF\lib\maven35-interceptor-1.13.jar"/>
    <property name="WORKSPACE_TMP" value="C:\Users\ADMIN\.jenkins\workspace\7thJan@tmp"/>
    <property name="WORKSPACE" value="C:\Users\ADMIN\.jenkins\workspace\7thJan"/>
    <property name="maven3.interceptor.common" value="C:\Users\ADMIN\.jenkins\plugins\maven-plugin\WEB-INF\lib\maven3-interceptor-commons-1.13.jar"/>
    <property name="java.specification.version" value="1.8"/>
    <property name="PSModulePath" value="C:\Windows\system32\WindowsPowerShell\v1.0\Modules\"/>
  </properties>
  <testcase classname="com.test.LoginPageTest" name="verifyCorrectData" time="18.934"/>
  <testcase classname="com.test.DashboardPageTest" name="verifyAllCourses" time="6.175"/>
  <testcase classname="com.test.UserPageTest" name="verifymainHeading" time="30.409"/>
  <testcase classname="com.test.OperatorsPageTest" name="verifymainHeading" time="144.768"/>
  <testcase classname="com.test.DownloadPageTest" name="verifymainHeading" time="19.116"/>
  <testcase classname="com.test.AddUserPageTest" name="verifyHeading" time="10.379"/>
  <testcase classname="com.test.UsefulLinksPageTest" name="verifymainHeading" time="9.708"/>
</testsuite>