<?xml version="1.0" encoding="UTF-8"?>
<!-- Generated by org.testng.reporters.JUnitReportReporter -->
<testsuite skipped="0" hostname="ADMIN-PC" name="com.test.LoginPageTest" tests="1" failures="0" timestamp="07 Jan 2021 11:32:44 GMT" time="18.011" errors="0">
  <testcase name="verifyCorrectData" time="18.011" classname="com.test.LoginPageTest"/>
</testsuite> <!-- com.test.LoginPageTest -->
