<?xml version="1.0" encoding="UTF-8"?>
<!-- Generated by org.testng.reporters.JUnitReportReporter -->
<testsuite skipped="0" hostname="ADMIN-PC" name="com.test.DownloadPageTest" tests="1" failures="0" timestamp="07 Jan 2021 11:32:44 GMT" time="41.552" errors="0">
  <testcase name="verifymainHeading" time="41.552" classname="com.test.DownloadPageTest"/>
</testsuite> <!-- com.test.DownloadPageTest -->
